Analysis & Synthesis report for UART
Sat Apr 15 14:59:27 2023
Quartus Prime Version 21.1.0 Build 842 10/21/2021 SJ Lite Edition


---------------------
; Table of Contents ;
---------------------
  1. Legal Notice
  2. Analysis & Synthesis Summary
  3. Analysis & Synthesis Settings
  4. Parallel Compilation
  5. Analysis & Synthesis Source Files Read
  6. Analysis & Synthesis Resource Usage Summary
  7. Analysis & Synthesis Resource Utilization by Entity
  8. State Machine - |UART|receiver:receiver|current_state
  9. State Machine - |UART|transmitter:transmitter|current_state
 10. Registers Removed During Synthesis
 11. Removed Registers Triggering Further Register Optimizations
 12. General Register Statistics
 13. Parameter Settings for User Entity Instance: baud_gen:baud_rate_gen
 14. Port Connectivity Checks: "receiver:receiver"
 15. Post-Synthesis Netlist Statistics for Top Partition
 16. Elapsed Time Per Partition
 17. Analysis & Synthesis Messages



----------------
; Legal Notice ;
----------------
Copyright (C) 2021  Intel Corporation. All rights reserved.
Your use of Intel Corporation's design tools, logic functions 
and other software and tools, and any partner logic 
functions, and any output files from any of the foregoing 
(including device programming or simulation files), and any 
associated documentation or information are expressly subject 
to the terms and conditions of the Intel Program License 
Subscription Agreement, the Intel Quartus Prime License Agreement,
the Intel FPGA IP License Agreement, or other applicable license
agreement, including, without limitation, that your use is for
the sole purpose of programming logic devices manufactured by
Intel and sold by Intel or its authorized distributors.  Please
refer to the applicable agreement for further details, at
https://fpgasoftware.intel.com/eula.



+----------------------------------------------------------------------------------+
; Analysis & Synthesis Summary                                                     ;
+------------------------------------+---------------------------------------------+
; Analysis & Synthesis Status        ; Successful - Sat Apr 15 14:59:27 2023       ;
; Quartus Prime Version              ; 21.1.0 Build 842 10/21/2021 SJ Lite Edition ;
; Revision Name                      ; UART                                        ;
; Top-level Entity Name              ; UART                                        ;
; Family                             ; Cyclone IV E                                ;
; Total logic elements               ; 0                                           ;
;     Total combinational functions  ; 0                                           ;
;     Dedicated logic registers      ; 0                                           ;
; Total registers                    ; 0                                           ;
; Total pins                         ; 25                                          ;
; Total virtual pins                 ; 0                                           ;
; Total memory bits                  ; 0                                           ;
; Embedded Multiplier 9-bit elements ; 0                                           ;
; Total PLLs                         ; 0                                           ;
+------------------------------------+---------------------------------------------+


+------------------------------------------------------------------------------------------------------------+
; Analysis & Synthesis Settings                                                                              ;
+------------------------------------------------------------------+--------------------+--------------------+
; Option                                                           ; Setting            ; Default Value      ;
+------------------------------------------------------------------+--------------------+--------------------+
; Top-level entity name                                            ; UART               ; UART               ;
; Family name                                                      ; Cyclone IV E       ; Cyclone V          ;
; Use smart compilation                                            ; Off                ; Off                ;
; Enable parallel Assembler and Timing Analyzer during compilation ; On                 ; On                 ;
; Enable compact report table                                      ; Off                ; Off                ;
; Restructure Multiplexers                                         ; Auto               ; Auto               ;
; Create Debugging Nodes for IP Cores                              ; Off                ; Off                ;
; Preserve fewer node names                                        ; On                 ; On                 ;
; Intel FPGA IP Evaluation Mode                                    ; Enable             ; Enable             ;
; Verilog Version                                                  ; Verilog_2001       ; Verilog_2001       ;
; VHDL Version                                                     ; VHDL_1993          ; VHDL_1993          ;
; State Machine Processing                                         ; Auto               ; Auto               ;
; Safe State Machine                                               ; Off                ; Off                ;
; Extract Verilog State Machines                                   ; On                 ; On                 ;
; Extract VHDL State Machines                                      ; On                 ; On                 ;
; Ignore Verilog initial constructs                                ; Off                ; Off                ;
; Iteration limit for constant Verilog loops                       ; 5000               ; 5000               ;
; Iteration limit for non-constant Verilog loops                   ; 250                ; 250                ;
; Add Pass-Through Logic to Inferred RAMs                          ; On                 ; On                 ;
; Infer RAMs from Raw Logic                                        ; On                 ; On                 ;
; Parallel Synthesis                                               ; On                 ; On                 ;
; DSP Block Balancing                                              ; Auto               ; Auto               ;
; NOT Gate Push-Back                                               ; On                 ; On                 ;
; Power-Up Don't Care                                              ; On                 ; On                 ;
; Remove Redundant Logic Cells                                     ; Off                ; Off                ;
; Remove Duplicate Registers                                       ; On                 ; On                 ;
; Ignore CARRY Buffers                                             ; Off                ; Off                ;
; Ignore CASCADE Buffers                                           ; Off                ; Off                ;
; Ignore GLOBAL Buffers                                            ; Off                ; Off                ;
; Ignore ROW GLOBAL Buffers                                        ; Off                ; Off                ;
; Ignore LCELL Buffers                                             ; Off                ; Off                ;
; Ignore SOFT Buffers                                              ; On                 ; On                 ;
; Limit AHDL Integers to 32 Bits                                   ; Off                ; Off                ;
; Optimization Technique                                           ; Balanced           ; Balanced           ;
; Carry Chain Length                                               ; 70                 ; 70                 ;
; Auto Carry Chains                                                ; On                 ; On                 ;
; Auto Open-Drain Pins                                             ; On                 ; On                 ;
; Perform WYSIWYG Primitive Resynthesis                            ; Off                ; Off                ;
; Auto ROM Replacement                                             ; On                 ; On                 ;
; Auto RAM Replacement                                             ; On                 ; On                 ;
; Auto DSP Block Replacement                                       ; On                 ; On                 ;
; Auto Shift Register Replacement                                  ; Auto               ; Auto               ;
; Allow Shift Register Merging across Hierarchies                  ; Auto               ; Auto               ;
; Auto Clock Enable Replacement                                    ; On                 ; On                 ;
; Strict RAM Replacement                                           ; Off                ; Off                ;
; Allow Synchronous Control Signals                                ; On                 ; On                 ;
; Force Use of Synchronous Clear Signals                           ; Off                ; Off                ;
; Auto RAM Block Balancing                                         ; On                 ; On                 ;
; Auto RAM to Logic Cell Conversion                                ; Off                ; Off                ;
; Auto Resource Sharing                                            ; Off                ; Off                ;
; Allow Any RAM Size For Recognition                               ; Off                ; Off                ;
; Allow Any ROM Size For Recognition                               ; Off                ; Off                ;
; Allow Any Shift Register Size For Recognition                    ; Off                ; Off                ;
; Use LogicLock Constraints during Resource Balancing              ; On                 ; On                 ;
; Ignore translate_off and synthesis_off directives                ; Off                ; Off                ;
; Timing-Driven Synthesis                                          ; On                 ; On                 ;
; Report Parameter Settings                                        ; On                 ; On                 ;
; Report Source Assignments                                        ; On                 ; On                 ;
; Report Connectivity Checks                                       ; On                 ; On                 ;
; Ignore Maximum Fan-Out Assignments                               ; Off                ; Off                ;
; Synchronization Register Chain Length                            ; 2                  ; 2                  ;
; Power Optimization During Synthesis                              ; Normal compilation ; Normal compilation ;
; HDL message level                                                ; Level2             ; Level2             ;
; Suppress Register Optimization Related Messages                  ; Off                ; Off                ;
; Number of Removed Registers Reported in Synthesis Report         ; 5000               ; 5000               ;
; Number of Swept Nodes Reported in Synthesis Report               ; 5000               ; 5000               ;
; Number of Inverted Registers Reported in Synthesis Report        ; 100                ; 100                ;
; Clock MUX Protection                                             ; On                 ; On                 ;
; Auto Gated Clock Conversion                                      ; Off                ; Off                ;
; Block Design Naming                                              ; Auto               ; Auto               ;
; SDC constraint protection                                        ; Off                ; Off                ;
; Synthesis Effort                                                 ; Auto               ; Auto               ;
; Shift Register Replacement - Allow Asynchronous Clear Signal     ; On                 ; On                 ;
; Pre-Mapping Resynthesis Optimization                             ; Off                ; Off                ;
; Analysis & Synthesis Message Level                               ; Medium             ; Medium             ;
; Disable Register Merging Across Hierarchies                      ; Auto               ; Auto               ;
; Resource Aware Inference For Block RAM                           ; On                 ; On                 ;
+------------------------------------------------------------------+--------------------+--------------------+


+------------------------------------------+
; Parallel Compilation                     ;
+----------------------------+-------------+
; Processors                 ; Number      ;
+----------------------------+-------------+
; Number detected on machine ; 12          ;
; Maximum allowed            ; 12          ;
;                            ;             ;
; Average used               ; 1.00        ;
; Maximum used               ; 1           ;
;                            ;             ;
; Usage by Processor         ; % Time Used ;
;     Processor 1            ; 100.0%      ;
+----------------------------+-------------+


+-------------------------------------------------------------------------------------------------------------------------------------------------------+
; Analysis & Synthesis Source Files Read                                                                                                                ;
+----------------------------------+-----------------+-----------------+----------------------------------------------------------------------+---------+
; File Name with User-Entered Path ; Used in Netlist ; File Type       ; File Name with Absolute Path                                         ; Library ;
+----------------------------------+-----------------+-----------------+----------------------------------------------------------------------+---------+
; transmitter.vhd                  ; yes             ; User VHDL File  ; E:/Personal/School/2023/Spring_2023/ENSC 350/Project/transmitter.vhd ;         ;
; baud_gen.vhd                     ; yes             ; User VHDL File  ; E:/Personal/School/2023/Spring_2023/ENSC 350/Project/baud_gen.vhd    ;         ;
; parity.vhd                       ; yes             ; User VHDL File  ; E:/Personal/School/2023/Spring_2023/ENSC 350/Project/parity.vhd      ;         ;
; UART.vhd                         ; yes             ; User VHDL File  ; E:/Personal/School/2023/Spring_2023/ENSC 350/Project/UART.vhd        ;         ;
; receiver.vhd                     ; yes             ; User VHDL File  ; E:/Personal/School/2023/Spring_2023/ENSC 350/Project/receiver.vhd    ;         ;
+----------------------------------+-----------------+-----------------+----------------------------------------------------------------------+---------+


+--------------------------------------------------------+
; Analysis & Synthesis Resource Usage Summary            ;
+---------------------------------------------+----------+
; Resource                                    ; Usage    ;
+---------------------------------------------+----------+
;                                             ;          ;
; Total combinational functions               ; 0        ;
; Logic element usage by number of LUT inputs ;          ;
;     -- 4 input functions                    ; 0        ;
;     -- 3 input functions                    ; 0        ;
;     -- <=2 input functions                  ; 0        ;
;                                             ;          ;
; Logic elements by mode                      ;          ;
;     -- normal mode                          ; 0        ;
;     -- arithmetic mode                      ; 0        ;
;                                             ;          ;
; Total registers                             ; 0        ;
;     -- Dedicated logic registers            ; 0        ;
;     -- I/O registers                        ; 0        ;
;                                             ;          ;
; I/O pins                                    ; 25       ;
;                                             ;          ;
; Embedded Multiplier 9-bit elements          ; 0        ;
;                                             ;          ;
; Maximum fan-out node                        ; CLOCK_50 ;
; Maximum fan-out                             ; 1        ;
; Total fan-out                               ; 25       ;
; Average fan-out                             ; 0.50     ;
+---------------------------------------------+----------+


+----------------------------------------------------------------------------------------------------------------------------------------------------------------------------------------------------------+
; Analysis & Synthesis Resource Utilization by Entity                                                                                                                                                      ;
+----------------------------+---------------------+---------------------------+-------------+--------------+---------+-----------+------+--------------+---------------------+-------------+--------------+
; Compilation Hierarchy Node ; Combinational ALUTs ; Dedicated Logic Registers ; Memory Bits ; DSP Elements ; DSP 9x9 ; DSP 18x18 ; Pins ; Virtual Pins ; Full Hierarchy Name ; Entity Name ; Library Name ;
+----------------------------+---------------------+---------------------------+-------------+--------------+---------+-----------+------+--------------+---------------------+-------------+--------------+
; |UART                      ; 0 (0)               ; 0 (0)                     ; 0           ; 0            ; 0       ; 0         ; 25   ; 0            ; |UART               ; UART        ; work         ;
+----------------------------+---------------------+---------------------------+-------------+--------------+---------+-----------+------+--------------+---------------------+-------------+--------------+
Note: For table entries with two numbers listed, the numbers in parentheses indicate the number of resources of the given type used by the specific entity alone. The numbers listed outside of parentheses indicate the total resources of the given type used by the specific entity and all of its sub-entities in the hierarchy.


Encoding Type:  One-Hot
+---------------------------------------------------------------------------------------------------------------------------------------------------+
; State Machine - |UART|receiver:receiver|current_state                                                                                             ;
+----------------------------+--------------------+----------------------------+-------------------------+---------------------+--------------------+
; Name                       ; current_state.stop ; current_state.parity_check ; current_state.read_data ; current_state.start ; current_state.idle ;
+----------------------------+--------------------+----------------------------+-------------------------+---------------------+--------------------+
; current_state.idle         ; 0                  ; 0                          ; 0                       ; 0                   ; 0                  ;
; current_state.start        ; 0                  ; 0                          ; 0                       ; 1                   ; 1                  ;
; current_state.read_data    ; 0                  ; 0                          ; 1                       ; 0                   ; 1                  ;
; current_state.parity_check ; 0                  ; 1                          ; 0                       ; 0                   ; 1                  ;
; current_state.stop         ; 1                  ; 0                          ; 0                       ; 0                   ; 1                  ;
+----------------------------+--------------------+----------------------------+-------------------------+---------------------+--------------------+


Encoding Type:  One-Hot
+----------------------------------------------------------------------------------------------------------------------------------+
; State Machine - |UART|transmitter:transmitter|current_state                                                                      ;
+----------------------+--------------------+----------------------+--------------------+---------------------+--------------------+
; Name                 ; current_state.stop ; current_state.parity ; current_state.fill ; current_state.start ; current_state.idle ;
+----------------------+--------------------+----------------------+--------------------+---------------------+--------------------+
; current_state.idle   ; 0                  ; 0                    ; 0                  ; 0                   ; 0                  ;
; current_state.start  ; 0                  ; 0                    ; 0                  ; 1                   ; 1                  ;
; current_state.fill   ; 0                  ; 0                    ; 1                  ; 0                   ; 1                  ;
; current_state.parity ; 0                  ; 1                    ; 0                  ; 0                   ; 1                  ;
; current_state.stop   ; 1                  ; 0                    ; 0                  ; 0                   ; 1                  ;
+----------------------+--------------------+----------------------+--------------------+---------------------+--------------------+


+---------------------------------------------------------------------------------------+
; Registers Removed During Synthesis                                                    ;
+----------------------------------------------+----------------------------------------+
; Register name                                ; Reason for Removal                     ;
+----------------------------------------------+----------------------------------------+
; baud_gen:baud_rate_gen|count_reg[1..15]      ; Stuck at GND due to stuck port data_in ;
; baud_gen:baud_rate_gen|baud_out              ; Stuck at GND due to stuck port data_in ;
; receiver:receiver|counter[0..31]             ; Stuck at GND due to stuck port clock   ;
; receiver:receiver|RTS                        ; Stuck at VCC due to stuck port clock   ;
; receiver:receiver|out_buffer[0..7]           ; Stuck at GND due to stuck port clock   ;
; transmitter:transmitter|CTS                  ; Stuck at GND due to stuck port clock   ;
; transmitter:transmitter|counter[0..31]       ; Stuck at GND due to stuck port clock   ;
; transmitter:transmitter|even_cnt[0..31]      ; Stuck at GND due to stuck port clock   ;
; transmitter:transmitter|TX_OUT               ; Stuck at VCC due to stuck port clock   ;
; receiver:receiver|current_state.idle         ; Stuck at GND due to stuck port clock   ;
; receiver:receiver|current_state.start        ; Stuck at GND due to stuck port clock   ;
; receiver:receiver|current_state.read_data    ; Stuck at GND due to stuck port clock   ;
; receiver:receiver|current_state.parity_check ; Stuck at GND due to stuck port clock   ;
; receiver:receiver|current_state.stop         ; Stuck at GND due to stuck port clock   ;
; transmitter:transmitter|current_state.idle   ; Stuck at GND due to stuck port clock   ;
; transmitter:transmitter|current_state.stop   ; Lost fanout                            ;
; transmitter:transmitter|current_state.parity ; Lost fanout                            ;
; transmitter:transmitter|current_state.start  ; Stuck at GND due to stuck port clock   ;
; transmitter:transmitter|current_state.fill   ; Stuck at GND due to stuck port clock   ;
; Total Number of Removed Registers = 133      ;                                        ;
+----------------------------------------------+----------------------------------------+


+----------------------------------------------------------------------------------------------------------------------------------------------------------------+
; Removed Registers Triggering Further Register Optimizations                                                                                                    ;
+--------------------------------------------+---------------------------+---------------------------------------------------------------------------------------+
; Register name                              ; Reason for Removal        ; Registers Removed due to This Register                                                ;
+--------------------------------------------+---------------------------+---------------------------------------------------------------------------------------+
; baud_gen:baud_rate_gen|count_reg[15]       ; Stuck at GND              ; baud_gen:baud_rate_gen|baud_out, receiver:receiver|counter[31],                       ;
;                                            ; due to stuck port data_in ; receiver:receiver|counter[30], receiver:receiver|counter[29],                         ;
;                                            ;                           ; receiver:receiver|counter[28], receiver:receiver|counter[27],                         ;
;                                            ;                           ; receiver:receiver|counter[26], receiver:receiver|counter[25],                         ;
;                                            ;                           ; receiver:receiver|counter[24], receiver:receiver|counter[23],                         ;
;                                            ;                           ; receiver:receiver|counter[22], receiver:receiver|counter[21],                         ;
;                                            ;                           ; receiver:receiver|counter[20], receiver:receiver|counter[19],                         ;
;                                            ;                           ; receiver:receiver|counter[18], receiver:receiver|counter[17],                         ;
;                                            ;                           ; receiver:receiver|counter[16], receiver:receiver|counter[15],                         ;
;                                            ;                           ; receiver:receiver|counter[14], receiver:receiver|counter[13],                         ;
;                                            ;                           ; receiver:receiver|counter[12], receiver:receiver|counter[11],                         ;
;                                            ;                           ; receiver:receiver|counter[10], receiver:receiver|counter[9],                          ;
;                                            ;                           ; receiver:receiver|counter[8], receiver:receiver|counter[7],                           ;
;                                            ;                           ; receiver:receiver|counter[6], receiver:receiver|counter[5],                           ;
;                                            ;                           ; receiver:receiver|counter[4], receiver:receiver|counter[3],                           ;
;                                            ;                           ; receiver:receiver|counter[2], receiver:receiver|counter[1],                           ;
;                                            ;                           ; receiver:receiver|counter[0], receiver:receiver|RTS, receiver:receiver|out_buffer[7], ;
;                                            ;                           ; receiver:receiver|out_buffer[6], receiver:receiver|out_buffer[5],                     ;
;                                            ;                           ; receiver:receiver|out_buffer[4], receiver:receiver|out_buffer[3],                     ;
;                                            ;                           ; receiver:receiver|out_buffer[2], receiver:receiver|out_buffer[1],                     ;
;                                            ;                           ; receiver:receiver|out_buffer[0], transmitter:transmitter|CTS,                         ;
;                                            ;                           ; transmitter:transmitter|counter[31], transmitter:transmitter|counter[30],             ;
;                                            ;                           ; transmitter:transmitter|counter[29], transmitter:transmitter|counter[28],             ;
;                                            ;                           ; transmitter:transmitter|counter[27], transmitter:transmitter|counter[26],             ;
;                                            ;                           ; transmitter:transmitter|counter[25], transmitter:transmitter|counter[24],             ;
;                                            ;                           ; transmitter:transmitter|counter[23], transmitter:transmitter|counter[22],             ;
;                                            ;                           ; transmitter:transmitter|counter[21], transmitter:transmitter|counter[20],             ;
;                                            ;                           ; transmitter:transmitter|counter[19], transmitter:transmitter|counter[18],             ;
;                                            ;                           ; transmitter:transmitter|counter[17], transmitter:transmitter|counter[16],             ;
;                                            ;                           ; transmitter:transmitter|counter[15], transmitter:transmitter|counter[14],             ;
;                                            ;                           ; transmitter:transmitter|counter[13], transmitter:transmitter|counter[12],             ;
;                                            ;                           ; transmitter:transmitter|counter[11], transmitter:transmitter|counter[10],             ;
;                                            ;                           ; transmitter:transmitter|counter[9], transmitter:transmitter|counter[8],               ;
;                                            ;                           ; transmitter:transmitter|counter[7], transmitter:transmitter|counter[6],               ;
;                                            ;                           ; transmitter:transmitter|counter[5], transmitter:transmitter|counter[4],               ;
;                                            ;                           ; transmitter:transmitter|counter[3], transmitter:transmitter|counter[2],               ;
;                                            ;                           ; transmitter:transmitter|counter[1], transmitter:transmitter|counter[0],               ;
;                                            ;                           ; transmitter:transmitter|even_cnt[31], transmitter:transmitter|even_cnt[30],           ;
;                                            ;                           ; transmitter:transmitter|even_cnt[29], transmitter:transmitter|even_cnt[28],           ;
;                                            ;                           ; transmitter:transmitter|even_cnt[27], transmitter:transmitter|even_cnt[26],           ;
;                                            ;                           ; transmitter:transmitter|even_cnt[25], transmitter:transmitter|even_cnt[24],           ;
;                                            ;                           ; transmitter:transmitter|even_cnt[23], transmitter:transmitter|even_cnt[22],           ;
;                                            ;                           ; transmitter:transmitter|even_cnt[21], transmitter:transmitter|even_cnt[20],           ;
;                                            ;                           ; transmitter:transmitter|even_cnt[19], transmitter:transmitter|even_cnt[18],           ;
;                                            ;                           ; transmitter:transmitter|even_cnt[17], transmitter:transmitter|even_cnt[16],           ;
;                                            ;                           ; transmitter:transmitter|even_cnt[15], transmitter:transmitter|even_cnt[14],           ;
;                                            ;                           ; transmitter:transmitter|even_cnt[13], transmitter:transmitter|even_cnt[12],           ;
;                                            ;                           ; transmitter:transmitter|even_cnt[11], transmitter:transmitter|even_cnt[10],           ;
;                                            ;                           ; transmitter:transmitter|even_cnt[9], transmitter:transmitter|even_cnt[8],             ;
;                                            ;                           ; transmitter:transmitter|even_cnt[7], transmitter:transmitter|even_cnt[6],             ;
;                                            ;                           ; transmitter:transmitter|even_cnt[5], transmitter:transmitter|even_cnt[4],             ;
;                                            ;                           ; transmitter:transmitter|even_cnt[3], transmitter:transmitter|even_cnt[2],             ;
;                                            ;                           ; transmitter:transmitter|even_cnt[1], transmitter:transmitter|even_cnt[0],             ;
;                                            ;                           ; transmitter:transmitter|TX_OUT                                                        ;
; transmitter:transmitter|current_state.idle ; Stuck at GND              ; transmitter:transmitter|current_state.stop,                                           ;
;                                            ; due to stuck port clock   ; transmitter:transmitter|current_state.parity,                                         ;
;                                            ;                           ; transmitter:transmitter|current_state.start,                                          ;
;                                            ;                           ; transmitter:transmitter|current_state.fill                                            ;
+--------------------------------------------+---------------------------+---------------------------------------------------------------------------------------+


+------------------------------------------------------+
; General Register Statistics                          ;
+----------------------------------------------+-------+
; Statistic                                    ; Value ;
+----------------------------------------------+-------+
; Total registers                              ; 0     ;
; Number of registers using Synchronous Clear  ; 0     ;
; Number of registers using Synchronous Load   ; 0     ;
; Number of registers using Asynchronous Clear ; 0     ;
; Number of registers using Asynchronous Load  ; 0     ;
; Number of registers using Clock Enable       ; 0     ;
; Number of registers using Preset             ; 0     ;
+----------------------------------------------+-------+


+---------------------------------------------------------------------+
; Parameter Settings for User Entity Instance: baud_gen:baud_rate_gen ;
+----------------+----------+-----------------------------------------+
; Parameter Name ; Value    ; Type                                    ;
+----------------+----------+-----------------------------------------+
; clock          ; 50000000 ; Signed Integer                          ;
; baud_rate      ; 9600     ; Signed Integer                          ;
+----------------+----------+-----------------------------------------+
Note: In order to hide this table in the UI and the text report file, please set the "Show Parameter Settings in Synthesis Report" option in "Analysis and Synthesis Settings -> More Settings" to "Off".


+-------------------------------------------------------------------------------------------------------------------------+
; Port Connectivity Checks: "receiver:receiver"                                                                           ;
+---------------+--------+----------+-------------------------------------------------------------------------------------+
; Port          ; Type   ; Severity ; Details                                                                             ;
+---------------+--------+----------+-------------------------------------------------------------------------------------+
; error_flag    ; Output ; Info     ; Connected to dangling logic. Logic that only feeds a dangling port will be removed. ;
; complete_flag ; Output ; Info     ; Connected to dangling logic. Logic that only feeds a dangling port will be removed. ;
+---------------+--------+----------+-------------------------------------------------------------------------------------+


+-----------------------------------------------------+
; Post-Synthesis Netlist Statistics for Top Partition ;
+-----------------------+-----------------------------+
; Type                  ; Count                       ;
+-----------------------+-----------------------------+
; boundary_port         ; 25                          ;
; cycloneiii_lcell_comb ; 1                           ;
;     normal            ; 1                           ;
;         0 data inputs ; 1                           ;
;                       ;                             ;
; Max LUT depth         ; 0.00                        ;
; Average LUT depth     ; 0.00                        ;
+-----------------------+-----------------------------+


+-------------------------------+
; Elapsed Time Per Partition    ;
+----------------+--------------+
; Partition Name ; Elapsed Time ;
+----------------+--------------+
; Top            ; 00:00:00     ;
+----------------+--------------+


+-------------------------------+
; Analysis & Synthesis Messages ;
+-------------------------------+
Info: *******************************************************************
Info: Running Quartus Prime Analysis & Synthesis
    Info: Version 21.1.0 Build 842 10/21/2021 SJ Lite Edition
    Info: Processing started: Sat Apr 15 14:59:21 2023
Info: Command: quartus_map --read_settings_files=on --write_settings_files=off UART -c UART
Warning (18236): Number of processors has not been specified which may cause overloading on shared machines.  Set the global assignment NUM_PARALLEL_PROCESSORS in your QSF to an appropriate value for best performance.
Info (20030): Parallel compilation is enabled and will use 12 of the 12 processors detected
Info (12021): Found 2 design units, including 1 entities, in source file transmitter.vhd
    Info (12022): Found design unit 1: transmitter-bhv File: E:/Personal/School/2023/Spring_2023/ENSC 350/Project/transmitter.vhd Line: 24
    Info (12023): Found entity 1: transmitter File: E:/Personal/School/2023/Spring_2023/ENSC 350/Project/transmitter.vhd Line: 9
Info (12021): Found 2 design units, including 1 entities, in source file baud_gen.vhd
    Info (12022): Found design unit 1: baud_gen-bhv File: E:/Personal/School/2023/Spring_2023/ENSC 350/Project/baud_gen.vhd Line: 28
    Info (12023): Found entity 1: baud_gen File: E:/Personal/School/2023/Spring_2023/ENSC 350/Project/baud_gen.vhd Line: 9
Info (12021): Found 2 design units, including 1 entities, in source file parity.vhd
    Info (12022): Found design unit 1: parity-bhv File: E:/Personal/School/2023/Spring_2023/ENSC 350/Project/parity.vhd Line: 21
    Info (12023): Found entity 1: parity File: E:/Personal/School/2023/Spring_2023/ENSC 350/Project/parity.vhd Line: 8
Info (12021): Found 2 design units, including 1 entities, in source file uart.vhd
    Info (12022): Found design unit 1: UART-bhv File: E:/Personal/School/2023/Spring_2023/ENSC 350/Project/UART.vhd Line: 24
    Info (12023): Found entity 1: UART File: E:/Personal/School/2023/Spring_2023/ENSC 350/Project/UART.vhd Line: 8
Info (12021): Found 2 design units, including 1 entities, in source file receiver.vhd
    Info (12022): Found design unit 1: receiver-bhv File: E:/Personal/School/2023/Spring_2023/ENSC 350/Project/receiver.vhd Line: 25
    Info (12023): Found entity 1: receiver File: E:/Personal/School/2023/Spring_2023/ENSC 350/Project/receiver.vhd Line: 9
Info (12127): Elaborating entity "UART" for the top level hierarchy
Warning (10541): VHDL Signal Declaration warning at UART.vhd(16): used implicit default value for signal "UART_TXD" because signal was never assigned a value or an explicit default value. Use of implicit default value may introduce unintended design optimizations. File: E:/Personal/School/2023/Spring_2023/ENSC 350/Project/UART.vhd Line: 16
Warning (10541): VHDL Signal Declaration warning at UART.vhd(17): used implicit default value for signal "UART_CTS" because signal was never assigned a value or an explicit default value. Use of implicit default value may introduce unintended design optimizations. File: E:/Personal/School/2023/Spring_2023/ENSC 350/Project/UART.vhd Line: 17
Warning (10036): Verilog HDL or VHDL warning at UART.vhd(32): object "err" assigned a value but never read File: E:/Personal/School/2023/Spring_2023/ENSC 350/Project/UART.vhd Line: 32
Warning (10036): Verilog HDL or VHDL warning at UART.vhd(33): object "complete" assigned a value but never read File: E:/Personal/School/2023/Spring_2023/ENSC 350/Project/UART.vhd Line: 33
Info (12129): Elaborating entity "baud_gen" using architecture "A:bhv" for hierarchy "baud_gen:baud_rate_gen" File: E:/Personal/School/2023/Spring_2023/ENSC 350/Project/UART.vhd Line: 38
Warning (10541): VHDL Signal Declaration warning at baud_gen.vhd(31): used implicit default value for signal "count" because signal was never assigned a value or an explicit default value. Use of implicit default value may introduce unintended design optimizations. File: E:/Personal/School/2023/Spring_2023/ENSC 350/Project/baud_gen.vhd Line: 31
Info (12129): Elaborating entity "transmitter" using architecture "A:bhv" for hierarchy "transmitter:transmitter" File: E:/Personal/School/2023/Spring_2023/ENSC 350/Project/UART.vhd Line: 46
Info (12129): Elaborating entity "receiver" using architecture "A:bhv" for hierarchy "receiver:receiver" File: E:/Personal/School/2023/Spring_2023/ENSC 350/Project/UART.vhd Line: 57
Warning (10492): VHDL Process Statement warning at receiver.vhd(46): signal "out_buffer" is read inside the Process Statement but isn't in the Process Statement's sensitivity list File: E:/Personal/School/2023/Spring_2023/ENSC 350/Project/receiver.vhd Line: 46
Warning (13024): Output pins are stuck at VCC or GND
    Warning (13410): Pin "UART_TXD" is stuck at GND File: E:/Personal/School/2023/Spring_2023/ENSC 350/Project/UART.vhd Line: 16
    Warning (13410): Pin "UART_CTS" is stuck at GND File: E:/Personal/School/2023/Spring_2023/ENSC 350/Project/UART.vhd Line: 17
    Warning (13410): Pin "LEDR[0]" is stuck at GND File: E:/Personal/School/2023/Spring_2023/ENSC 350/Project/UART.vhd Line: 18
    Warning (13410): Pin "LEDR[1]" is stuck at GND File: E:/Personal/School/2023/Spring_2023/ENSC 350/Project/UART.vhd Line: 18
    Warning (13410): Pin "LEDR[2]" is stuck at GND File: E:/Personal/School/2023/Spring_2023/ENSC 350/Project/UART.vhd Line: 18
    Warning (13410): Pin "LEDR[3]" is stuck at GND File: E:/Personal/School/2023/Spring_2023/ENSC 350/Project/UART.vhd Line: 18
    Warning (13410): Pin "LEDR[4]" is stuck at GND File: E:/Personal/School/2023/Spring_2023/ENSC 350/Project/UART.vhd Line: 18
    Warning (13410): Pin "LEDR[5]" is stuck at GND File: E:/Personal/School/2023/Spring_2023/ENSC 350/Project/UART.vhd Line: 18
    Warning (13410): Pin "LEDR[6]" is stuck at GND File: E:/Personal/School/2023/Spring_2023/ENSC 350/Project/UART.vhd Line: 18
    Warning (13410): Pin "LEDR[7]" is stuck at GND File: E:/Personal/School/2023/Spring_2023/ENSC 350/Project/UART.vhd Line: 18
Info (17049): 2 registers lost all their fanouts during netlist optimizations.
Info (16010): Generating hard_block partition "hard_block:auto_generated_inst"
    Info (16011): Adding 0 node(s), including 0 DDIO, 0 PLL, 0 transceiver and 0 LCELL
Warning (21074): Design contains 15 input pin(s) that do not drive logic
    Warning (15610): No output dependent on input pin "CLOCK_50" File: E:/Personal/School/2023/Spring_2023/ENSC 350/Project/UART.vhd Line: 11
    Warning (15610): No output dependent on input pin "KEY[1]" File: E:/Personal/School/2023/Spring_2023/ENSC 350/Project/UART.vhd Line: 12
    Warning (15610): No output dependent on input pin "KEY[2]" File: E:/Personal/School/2023/Spring_2023/ENSC 350/Project/UART.vhd Line: 12
    Warning (15610): No output dependent on input pin "KEY[3]" File: E:/Personal/School/2023/Spring_2023/ENSC 350/Project/UART.vhd Line: 12
    Warning (15610): No output dependent on input pin "SW[0]" File: E:/Personal/School/2023/Spring_2023/ENSC 350/Project/UART.vhd Line: 13
    Warning (15610): No output dependent on input pin "SW[1]" File: E:/Personal/School/2023/Spring_2023/ENSC 350/Project/UART.vhd Line: 13
    Warning (15610): No output dependent on input pin "SW[2]" File: E:/Personal/School/2023/Spring_2023/ENSC 350/Project/UART.vhd Line: 13
    Warning (15610): No output dependent on input pin "SW[3]" File: E:/Personal/School/2023/Spring_2023/ENSC 350/Project/UART.vhd Line: 13
    Warning (15610): No output dependent on input pin "SW[4]" File: E:/Personal/School/2023/Spring_2023/ENSC 350/Project/UART.vhd Line: 13
    Warning (15610): No output dependent on input pin "SW[5]" File: E:/Personal/School/2023/Spring_2023/ENSC 350/Project/UART.vhd Line: 13
    Warning (15610): No output dependent on input pin "SW[6]" File: E:/Personal/School/2023/Spring_2023/ENSC 350/Project/UART.vhd Line: 13
    Warning (15610): No output dependent on input pin "SW[7]" File: E:/Personal/School/2023/Spring_2023/ENSC 350/Project/UART.vhd Line: 13
    Warning (15610): No output dependent on input pin "UART_RXD" File: E:/Personal/School/2023/Spring_2023/ENSC 350/Project/UART.vhd Line: 14
    Warning (15610): No output dependent on input pin "UART_RTS" File: E:/Personal/School/2023/Spring_2023/ENSC 350/Project/UART.vhd Line: 15
    Warning (15610): No output dependent on input pin "KEY[0]" File: E:/Personal/School/2023/Spring_2023/ENSC 350/Project/UART.vhd Line: 12
Info (21057): Implemented 25 device resources after synthesis - the final resource count might be different
    Info (21058): Implemented 15 input pins
    Info (21059): Implemented 10 output pins
Info: Quartus Prime Analysis & Synthesis was successful. 0 errors, 34 warnings
    Info: Peak virtual memory: 4797 megabytes
    Info: Processing ended: Sat Apr 15 14:59:27 2023
    Info: Elapsed time: 00:00:06
    Info: Total CPU time (on all processors): 00:00:11


